00:14:57 **** Incremental Build of configuration Debug for project PrimerParcialLabo ****
make all 
Building file: ../src/ArrayClientes.c
Invoking: GCC C Compiler
gcc -O0 -g3 -Wall -c -fmessage-length=0 -MMD -MP -MF"src/ArrayClientes.d" -MT"src/ArrayClientes.o" -o "src/ArrayClientes.o" "../src/ArrayClientes.c"
Finished building: ../src/ArrayClientes.c
 
Building file: ../src/informes.c
Invoking: GCC C Compiler
gcc -O0 -g3 -Wall -c -fmessage-length=0 -MMD -MP -MF"src/informes.d" -MT"src/informes.o" -o "src/informes.o" "../src/informes.c"
Finished building: ../src/informes.c
 
Building file: ../src/main.c
Invoking: GCC C Compiler
gcc -O0 -g3 -Wall -c -fmessage-length=0 -MMD -MP -MF"src/main.d" -MT"src/main.o" -o "src/main.o" "../src/main.c"
Finished building: ../src/main.c
 
Building file: ../src/publicacion.c
Invoking: GCC C Compiler
gcc -O0 -g3 -Wall -c -fmessage-length=0 -MMD -MP -MF"src/publicacion.d" -MT"src/publicacion.o" -o "src/publicacion.o" "../src/publicacion.c"
Finished building: ../src/publicacion.c
 
Building target: PrimerParcialLabo
Invoking: GCC C Linker
gcc  -o "PrimerParcialLabo"  ./src/ArrayClientes.o ./src/informes.o ./src/main.o ./src/publicacion.o ./src/utn.o   
Finished building target: PrimerParcialLabo
 
00:15:02 **** Incremental Build of configuration Debug for project PrimerParcialLabo ****
make all 
make: Nothing to be done for 'all'.
