12:02:19 **** Build of configuration Debug for project TP2-Brian ****
make all 
Building file: ../src/EstacionDeFerrocarril.cpp
Invoking: GCC C++ Compiler
g++ -O0 -g3 -Wall -c -fmessage-length=0 -MMD -MP -MF"src/EstacionDeFerrocarril.d" -MT"src/EstacionDeFerrocarril.o" -o "src/EstacionDeFerrocarril.o" "../src/EstacionDeFerrocarril.cpp"
Finished building: ../src/EstacionDeFerrocarril.cpp
 
Building file: ../src/EstacionDeMetrobus.cpp
Invoking: GCC C++ Compiler
g++ -O0 -g3 -Wall -c -fmessage-length=0 -MMD -MP -MF"src/EstacionDeMetrobus.d" -MT"src/EstacionDeMetrobus.o" -o "src/EstacionDeMetrobus.o" "../src/EstacionDeMetrobus.cpp"
Finished building: ../src/EstacionDeMetrobus.cpp
 
Building file: ../src/EstacionDeSubte.cpp
Invoking: GCC C++ Compiler
g++ -O0 -g3 -Wall -c -fmessage-length=0 -MMD -MP -MF"src/EstacionDeSubte.d" -MT"src/EstacionDeSubte.o" -o "src/EstacionDeSubte.o" "../src/EstacionDeSubte.cpp"
Finished building: ../src/EstacionDeSubte.cpp
 
Building file: ../src/Garaje.cpp
Invoking: GCC C++ Compiler
g++ -O0 -g3 -Wall -c -fmessage-length=0 -MMD -MP -MF"src/Garaje.d" -MT"src/Garaje.o" -o "src/Garaje.o" "../src/Garaje.cpp"
Finished building: ../src/Garaje.cpp
 
Building file: ../src/ParadaDeColectivo.cpp
Invoking: GCC C++ Compiler
g++ -O0 -g3 -Wall -c -fmessage-length=0 -MMD -MP -MF"src/ParadaDeColectivo.d" -MT"src/ParadaDeColectivo.o" -o "src/ParadaDeColectivo.o" "../src/ParadaDeColectivo.cpp"
Finished building: ../src/ParadaDeColectivo.cpp
 
Building file: ../src/lectura.cpp
Invoking: GCC C++ Compiler
g++ -O0 -g3 -Wall -c -fmessage-length=0 -MMD -MP -MF"src/lectura.d" -MT"src/lectura.o" -o "src/lectura.o" "../src/lectura.cpp"
Finished building: ../src/lectura.cpp
 
Building file: ../src/main.cpp
Invoking: GCC C++ Compiler
g++ -O0 -g3 -Wall -c -fmessage-length=0 -MMD -MP -MF"src/main.d" -MT"src/main.o" -o "src/main.o" "../src/main.cpp"
Finished building: ../src/main.cpp
 
Building target: TP2-Brian
Invoking: GCC C++ Linker
g++  -o "TP2-Brian"  ./src/EstacionDeFerrocarril.o ./src/EstacionDeMetrobus.o ./src/EstacionDeSubte.o ./src/Garaje.o ./src/ParadaDeColectivo.o ./src/lectura.o ./src/main.o   
Finished building target: TP2-Brian
 

12:02:21 Build Finished. 0 errors, 0 warnings. (took 2s.171ms)

